<?xml version="1.0" encoding="UTF-8"?>
<testsuite hostname="Satyas-MacBook-Pro.local" name="com.qtpselenium.suite.cart.CheckTotal" tests="1" failures="0" timestamp="31 Jan 2016 15:05:27 GMT" time="0.001" errors="0">
  <testcase name="@BeforeTest checkTestSkip" time="0.0" classname="com.qtpselenium.suite.cart.CheckTotal">
    <skipped/>
  </testcase>
  <testcase name="@AfterMethod reportDataSetResult" time="0.0" classname="com.qtpselenium.suite.cart.CheckTotal">
    <skipped/>
  </testcase>
  <testcase name="@AfterTest reportTestResult" time="0.0" classname="com.qtpselenium.suite.cart.CheckTotal">
    <skipped/>
  </testcase>
  <testcase name="testcaseCartTotal" time="0.0" classname="com.qtpselenium.suite.cart.CheckTotal">
    <skipped/>
  </testcase>
</testsuite>
