<?xml version="1.0" encoding="UTF-8"?>
<testsuite hostname="a-0d60a2f203f14" name="com.qtpselenium.suiteA.TestCase_A1" tests="4" failures="0" timestamp="12 Nov 2011 22:19:28 GMT" time="0.406" errors="0">
  <testcase name="testcaseA1" time="0.0" classname="com.qtpselenium.suiteA.TestCase_A1"/>
  <testcase name="testcaseA1" time="0.0" classname="com.qtpselenium.suiteA.TestCase_A1">
    <skipped/>
  </testcase>
  <testcase name="testcaseA1" time="0.0" classname="com.qtpselenium.suiteA.TestCase_A1">
    <skipped/>
  </testcase>
  <testcase name="testcaseA1" time="0.0" classname="com.qtpselenium.suiteA.TestCase_A1"/>
</testsuite>
