<?xml version="1.0" encoding="UTF-8"?>
<testng-results skipped="0" failed="0" total="1" passed="1">
  <reporter-output>
  </reporter-output>
  <suite name="My suite" duration-ms="0" started-at="2016-01-31T21:33:25Z" finished-at="2016-01-31T21:33:25Z">
    <groups>
    </groups>
  </suite>
  <suite name="Shop Suite" duration-ms="19" started-at="2016-01-31T21:33:25Z" finished-at="2016-01-31T21:33:25Z">
    <groups>
    </groups>
    <test name="AddProduct Test" duration-ms="19" started-at="2016-01-31T21:33:25Z" finished-at="2016-01-31T21:33:25Z">
      <class name="com.qtpselenium.suite.shop.NewTest">
        <test-method status="PASS" signature="f()" name="f" duration-ms="11" started-at="2016-01-31T21:33:25Z" finished-at="2016-01-31T21:33:25Z">
        </test-method>
      </class>
    </test>
  </suite>
</testng-results>
