<?xml version="1.0" encoding="UTF-8"?>
<!-- Generated by org.testng.reporters.JUnitXMLReporter -->
<testsuite hostname="a-0d60a2f203f14" name="Test B2" tests="1" failures="0" timestamp="17 Nov 2011 16:42:08 GMT" time="0.0" errors="0">
  <testcase name="@BeforeTest checkTestSkip" time="0.0" classname="com.qtpselenium.suite.cart.TestCase_B2">
    <skipped/>
  </testcase>
  <testcase name="testcaseB2" time="0.0" classname="com.qtpselenium.suite.cart.TestCase_B2">
    <skipped/>
  </testcase>
</testsuite>
